-- The C compiler identification is GNU 13.3.0
-- The CXX compiler identification is GNU 13.3.0
-- Detecting C compiler ABI info
-- Detecting C compiler ABI info - done
-- Check for working C compiler: /usr/bin/cc - skipped
-- Detecting C compile features
-- Detecting C compile features - done
-- Detecting CXX compiler ABI info
-- Detecting CXX compiler ABI info - done
-- Check for working CXX compiler: /usr/bin/c++ - skipped
-- Detecting CXX compile features
-- Detecting CXX compile features - done
-- Found ament_cmake: 2.5.5 (/opt/ros/jazzy/share/ament_cmake/cmake)
-- Found Python3: /usr/bin/python3 (found version "3.12.3") found components: Interpreter 
-- Found rclcpp: 28.1.16 (/opt/ros/jazzy/share/rclcpp/cmake)
-- Found rosidl_generator_c: 4.6.7 (/opt/ros/jazzy/share/rosidl_generator_c/cmake)
-- Found rosidl_generator_cpp: 4.6.7 (/opt/ros/jazzy/share/rosidl_generator_cpp/cmake)
-- Using all available rosidl_typesupport_c: rosidl_typesupport_fastrtps_c;rosidl_typesupport_introspection_c
-- Using all available rosidl_typesupport_cpp: rosidl_typesupport_fastrtps_cpp;rosidl_typesupport_introspection_cpp
-- Found rmw_implementation_cmake: 7.3.3 (/opt/ros/jazzy/share/rmw_implementation_cmake/cmake)
-- Found rmw_fastrtps_cpp: 8.4.3 (/opt/ros/jazzy/share/rmw_fastrtps_cpp/cmake)
-- Found OpenSSL: /usr/lib/aarch64-linux-gnu/libcrypto.so (found version "3.0.13")  
-- Found FastRTPS: /opt/ros/jazzy/include (Required is at least version "2.13") 
-- Using RMW implementation 'rmw_fastrtps_cpp' as default
-- Found ackermann_msgs: 2.0.2 (/opt/ros/jazzy/share/ackermann_msgs/cmake)
-- Configuring done (13.7s)
-- Generating done (0.1s)
-- Build files have been written to: /home/rtrk-tenk/OSuRV_2024-main/Robotics/Tank/vezba06_kernel_space/ROS/arm_and_chassis_ws/build/wc_main
[ 33%] [32mBuilding CXX object CMakeFiles/simple_ackermann_controller.dir/src/SerialCPP.cpp.o[0m
[ 66%] [32mBuilding CXX object CMakeFiles/simple_ackermann_controller.dir/src/simple_ackermann_steering_controller.cpp.o[0m
[100%] [32m[1mLinking CXX executable simple_ackermann_controller[0m
[100%] Built target simple_ackermann_controller
-- Install configuration: ""
-- Installing: /home/rtrk-tenk/OSuRV_2024-main/Robotics/Tank/vezba06_kernel_space/ROS/arm_and_chassis_ws/install/wc_main/lib/wc_main/simple_ackermann_controller
-- Set non-toolchain portion of runtime path of "/home/rtrk-tenk/OSuRV_2024-main/Robotics/Tank/vezba06_kernel_space/ROS/arm_and_chassis_ws/install/wc_main/lib/wc_main/simple_ackermann_controller" to ""
-- Installing: /home/rtrk-tenk/OSuRV_2024-main/Robotics/Tank/vezba06_kernel_space/ROS/arm_and_chassis_ws/install/wc_main/share/ament_index/resource_index/package_run_dependencies/wc_main
-- Installing: /home/rtrk-tenk/OSuRV_2024-main/Robotics/Tank/vezba06_kernel_space/ROS/arm_and_chassis_ws/install/wc_main/share/ament_index/resource_index/parent_prefix_path/wc_main
-- Installing: /home/rtrk-tenk/OSuRV_2024-main/Robotics/Tank/vezba06_kernel_space/ROS/arm_and_chassis_ws/install/wc_main/share/wc_main/environment/ament_prefix_path.sh
-- Installing: /home/rtrk-tenk/OSuRV_2024-main/Robotics/Tank/vezba06_kernel_space/ROS/arm_and_chassis_ws/install/wc_main/share/wc_main/environment/ament_prefix_path.dsv
-- Installing: /home/rtrk-tenk/OSuRV_2024-main/Robotics/Tank/vezba06_kernel_space/ROS/arm_and_chassis_ws/install/wc_main/share/wc_main/environment/path.sh
-- Installing: /home/rtrk-tenk/OSuRV_2024-main/Robotics/Tank/vezba06_kernel_space/ROS/arm_and_chassis_ws/install/wc_main/share/wc_main/environment/path.dsv
-- Installing: /home/rtrk-tenk/OSuRV_2024-main/Robotics/Tank/vezba06_kernel_space/ROS/arm_and_chassis_ws/install/wc_main/share/wc_main/local_setup.bash
-- Installing: /home/rtrk-tenk/OSuRV_2024-main/Robotics/Tank/vezba06_kernel_space/ROS/arm_and_chassis_ws/install/wc_main/share/wc_main/local_setup.sh
-- Installing: /home/rtrk-tenk/OSuRV_2024-main/Robotics/Tank/vezba06_kernel_space/ROS/arm_and_chassis_ws/install/wc_main/share/wc_main/local_setup.zsh
-- Installing: /home/rtrk-tenk/OSuRV_2024-main/Robotics/Tank/vezba06_kernel_space/ROS/arm_and_chassis_ws/install/wc_main/share/wc_main/local_setup.dsv
-- Installing: /home/rtrk-tenk/OSuRV_2024-main/Robotics/Tank/vezba06_kernel_space/ROS/arm_and_chassis_ws/install/wc_main/share/wc_main/package.dsv
-- Installing: /home/rtrk-tenk/OSuRV_2024-main/Robotics/Tank/vezba06_kernel_space/ROS/arm_and_chassis_ws/install/wc_main/share/ament_index/resource_index/packages/wc_main
-- Installing: /home/rtrk-tenk/OSuRV_2024-main/Robotics/Tank/vezba06_kernel_space/ROS/arm_and_chassis_ws/install/wc_main/share/wc_main/cmake/wc_mainConfig.cmake
-- Installing: /home/rtrk-tenk/OSuRV_2024-main/Robotics/Tank/vezba06_kernel_space/ROS/arm_and_chassis_ws/install/wc_main/share/wc_main/cmake/wc_mainConfig-version.cmake
-- Installing: /home/rtrk-tenk/OSuRV_2024-main/Robotics/Tank/vezba06_kernel_space/ROS/arm_and_chassis_ws/install/wc_main/share/wc_main/package.xml
